This file contains any messages produced by compilers while
running configure, to aid debugging if configure makes a mistake.

It was created by configure, which was
generated by GNU Autoconf 2.67.  Invocation command line was

  $ ./configure --prefix=/home/mxl/Desktop/mxl-gpredict/build_gpredict

## --------- ##
## Platform. ##
## --------- ##

hostname = MXL-ALPHA-1
uname -m = x86_64
uname -r = 3.8.0-39-generic
uname -s = Linux
uname -v = #58~precise1-Ubuntu SMP Fri May 2 21:33:40 UTC 2014

/usr/bin/uname -p = unknown
/bin/uname -X     = unknown

/bin/arch              = unknown
/usr/bin/arch -k       = unknown
/usr/convex/getsysinfo = unknown
/usr/bin/hostinfo      = unknown
/bin/machine           = unknown
/usr/bin/oslevel       = unknown
/bin/universe          = unknown

PATH: /usr/lib/lightdm/lightdm
PATH: /usr/local/sbin
PATH: /usr/local/bin
PATH: /usr/sbin
PATH: /usr/bin
PATH: /sbin
PATH: /bin
PATH: /usr/games


## ----------- ##
## Core tests. ##
## ----------- ##

configure:2418: checking for a BSD-compatible install
configure:2486: result: /usr/bin/install -c
configure:2497: checking whether build environment is sane
configure:2547: result: yes
configure:2688: checking for a thread-safe mkdir -p
configure:2727: result: /bin/mkdir -p
configure:2740: checking for gawk
configure:2770: result: no
configure:2740: checking for mawk
configure:2756: found /usr/bin/mawk
configure:2767: result: mawk
configure:2778: checking whether make sets $(MAKE)
configure:2800: result: yes
configure:2882: checking whether to enable maintainer-specific portions of Makefiles
configure:2891: result: no
configure:2905: checking whether NLS is requested
configure:2914: result: yes
configure:2930: checking for style of include used by make
configure:2958: result: GNU
configure:3028: checking for gcc
configure:3044: found /usr/bin/gcc
configure:3055: result: gcc
configure:3284: checking for C compiler version
configure:3293: gcc --version >&5
gcc (Ubuntu/Linaro 4.6.3-1ubuntu5) 4.6.3
Copyright (C) 2011 Free Software Foundation, Inc.
This is free software; see the source for copying conditions.  There is NO
warranty; not even for MERCHANTABILITY or FITNESS FOR A PARTICULAR PURPOSE.

configure:3304: $? = 0
configure:3293: gcc -v >&5
Using built-in specs.
COLLECT_GCC=gcc
COLLECT_LTO_WRAPPER=/usr/lib/gcc/x86_64-linux-gnu/4.6/lto-wrapper
Target: x86_64-linux-gnu
Configured with: ../src/configure -v --with-pkgversion='Ubuntu/Linaro 4.6.3-1ubuntu5' --with-bugurl=file:///usr/share/doc/gcc-4.6/README.Bugs --enable-languages=c,c++,fortran,objc,obj-c++ --prefix=/usr --program-suffix=-4.6 --enable-shared --enable-linker-build-id --with-system-zlib --libexecdir=/usr/lib --without-included-gettext --enable-threads=posix --with-gxx-include-dir=/usr/include/c++/4.6 --libdir=/usr/lib --enable-nls --with-sysroot=/ --enable-clocale=gnu --enable-libstdcxx-debug --enable-libstdcxx-time=yes --enable-gnu-unique-object --enable-plugin --enable-objc-gc --disable-werror --with-arch-32=i686 --with-tune=generic --enable-checking=release --build=x86_64-linux-gnu --host=x86_64-linux-gnu --target=x86_64-linux-gnu
Thread model: posix
gcc version 4.6.3 (Ubuntu/Linaro 4.6.3-1ubuntu5) 
configure:3304: $? = 0
configure:3293: gcc -V >&5
gcc: error: unrecognized option '-V'
gcc: fatal error: no input files
compilation terminated.
configure:3304: $? = 4
configure:3293: gcc -qversion >&5
gcc: error: unrecognized option '-qversion'
gcc: fatal error: no input files
compilation terminated.
configure:3304: $? = 4
configure:3324: checking whether the C compiler works
configure:3346: gcc    conftest.c  >&5
configure:3350: $? = 0
configure:3398: result: yes
configure:3401: checking for C compiler default output file name
configure:3403: result: a.out
configure:3409: checking for suffix of executables
configure:3416: gcc -o conftest    conftest.c  >&5
configure:3420: $? = 0
configure:3442: result: 
configure:3464: checking whether we are cross compiling
configure:3472: gcc -o conftest    conftest.c  >&5
configure:3476: $? = 0
configure:3483: ./conftest
configure:3487: $? = 0
configure:3502: result: no
configure:3507: checking for suffix of object files
configure:3529: gcc -c   conftest.c >&5
configure:3533: $? = 0
configure:3554: result: o
configure:3558: checking whether we are using the GNU C compiler
configure:3577: gcc -c   conftest.c >&5
configure:3577: $? = 0
configure:3586: result: yes
configure:3595: checking whether gcc accepts -g
configure:3615: gcc -c -g  conftest.c >&5
configure:3615: $? = 0
configure:3656: result: yes
configure:3673: checking for gcc option to accept ISO C89
configure:3737: gcc  -c -g -O2  conftest.c >&5
configure:3737: $? = 0
configure:3750: result: none needed
configure:3772: checking dependency style of gcc
configure:3882: result: gcc3
configure:3909: checking for intltool >= 0.21
configure:3916: result: 0.50.2 found
configure:3924: checking for intltool-update
configure:3942: found /usr/bin/intltool-update
configure:3954: result: /usr/bin/intltool-update
configure:3964: checking for intltool-merge
configure:3982: found /usr/bin/intltool-merge
configure:3994: result: /usr/bin/intltool-merge
configure:4004: checking for intltool-extract
configure:4022: found /usr/bin/intltool-extract
configure:4034: result: /usr/bin/intltool-extract
configure:4165: checking for xgettext
configure:4183: found /usr/bin/xgettext
configure:4195: result: /usr/bin/xgettext
configure:4205: checking for msgmerge
configure:4223: found /usr/bin/msgmerge
configure:4235: result: /usr/bin/msgmerge
configure:4245: checking for msgfmt
configure:4263: found /usr/bin/msgfmt
configure:4275: result: /usr/bin/msgfmt
configure:4285: checking for gmsgfmt
configure:4316: result: /usr/bin/msgfmt
configure:4336: checking for perl
configure:4354: found /usr/bin/perl
configure:4366: result: /usr/bin/perl
configure:4377: checking for perl >= 5.8.1
configure:4384: result: 5.14.2
configure:4388: checking for XML::Parser
configure:4391: result: ok
configure:4416: gcc -o conftest -g -O2   conftest.c  >&5
configure:4416: $? = 0
configure:4492: checking for gcc
configure:4519: result: gcc
configure:4748: checking for C compiler version
configure:4757: gcc --version >&5
gcc (Ubuntu/Linaro 4.6.3-1ubuntu5) 4.6.3
Copyright (C) 2011 Free Software Foundation, Inc.
This is free software; see the source for copying conditions.  There is NO
warranty; not even for MERCHANTABILITY or FITNESS FOR A PARTICULAR PURPOSE.

configure:4768: $? = 0
configure:4757: gcc -v >&5
Using built-in specs.
COLLECT_GCC=gcc
COLLECT_LTO_WRAPPER=/usr/lib/gcc/x86_64-linux-gnu/4.6/lto-wrapper
Target: x86_64-linux-gnu
Configured with: ../src/configure -v --with-pkgversion='Ubuntu/Linaro 4.6.3-1ubuntu5' --with-bugurl=file:///usr/share/doc/gcc-4.6/README.Bugs --enable-languages=c,c++,fortran,objc,obj-c++ --prefix=/usr --program-suffix=-4.6 --enable-shared --enable-linker-build-id --with-system-zlib --libexecdir=/usr/lib --without-included-gettext --enable-threads=posix --with-gxx-include-dir=/usr/include/c++/4.6 --libdir=/usr/lib --enable-nls --with-sysroot=/ --enable-clocale=gnu --enable-libstdcxx-debug --enable-libstdcxx-time=yes --enable-gnu-unique-object --enable-plugin --enable-objc-gc --disable-werror --with-arch-32=i686 --with-tune=generic --enable-checking=release --build=x86_64-linux-gnu --host=x86_64-linux-gnu --target=x86_64-linux-gnu
Thread model: posix
gcc version 4.6.3 (Ubuntu/Linaro 4.6.3-1ubuntu5) 
configure:4768: $? = 0
configure:4757: gcc -V >&5
gcc: error: unrecognized option '-V'
gcc: fatal error: no input files
compilation terminated.
configure:4768: $? = 4
configure:4757: gcc -qversion >&5
gcc: error: unrecognized option '-qversion'
gcc: fatal error: no input files
compilation terminated.
configure:4768: $? = 4
configure:4772: checking whether we are using the GNU C compiler
configure:4800: result: yes
configure:4809: checking whether gcc accepts -g
configure:4870: result: yes
configure:4887: checking for gcc option to accept ISO C89
configure:4964: result: none needed
configure:4986: checking dependency style of gcc
configure:5096: result: gcc3
configure:5111: checking for library containing strerror
configure:5142: gcc -o conftest -g -O2   conftest.c  >&5
configure:5142: $? = 0
configure:5159: result: none required
configure:5172: checking how to run the C preprocessor
configure:5203: gcc -E  conftest.c
configure:5203: $? = 0
configure:5217: gcc -E  conftest.c
conftest.c:11:28: fatal error: ac_nonexistent.h: No such file or directory
compilation terminated.
configure:5217: $? = 1
configure: failed program was:
| /* confdefs.h */
| #define PACKAGE_NAME ""
| #define PACKAGE_TARNAME ""
| #define PACKAGE_VERSION ""
| #define PACKAGE_STRING ""
| #define PACKAGE_BUGREPORT ""
| #define PACKAGE_URL ""
| #define PACKAGE "gpredict"
| #define VERSION "1.3"
| /* end confdefs.h.  */
| #include <ac_nonexistent.h>
configure:5242: result: gcc -E
configure:5262: gcc -E  conftest.c
configure:5262: $? = 0
configure:5276: gcc -E  conftest.c
conftest.c:11:28: fatal error: ac_nonexistent.h: No such file or directory
compilation terminated.
configure:5276: $? = 1
configure: failed program was:
| /* confdefs.h */
| #define PACKAGE_NAME ""
| #define PACKAGE_TARNAME ""
| #define PACKAGE_VERSION ""
| #define PACKAGE_STRING ""
| #define PACKAGE_BUGREPORT ""
| #define PACKAGE_URL ""
| #define PACKAGE "gpredict"
| #define VERSION "1.3"
| /* end confdefs.h.  */
| #include <ac_nonexistent.h>
configure:5305: checking for grep that handles long lines and -e
configure:5363: result: /bin/grep
configure:5368: checking for egrep
configure:5430: result: /bin/grep -E
configure:5435: checking for ANSI C header files
configure:5455: gcc -c -g -O2  conftest.c >&5
configure:5455: $? = 0
configure:5528: gcc -o conftest -g -O2   conftest.c  >&5
configure:5528: $? = 0
configure:5528: ./conftest
configure:5528: $? = 0
configure:5539: result: yes
configure:5576: checking build system type
configure:5590: result: x86_64-unknown-linux-gnu
configure:5610: checking host system type
configure:5623: result: x86_64-unknown-linux-gnu
configure:5643: checking for a sed that does not truncate output
configure:5707: result: /bin/sed
configure:5725: checking for fgrep
configure:5787: result: /bin/grep -F
configure:5822: checking for ld used by gcc
configure:5889: result: /usr/bin/ld
configure:5896: checking if the linker (/usr/bin/ld) is GNU ld
configure:5911: result: yes
configure:5923: checking for BSD- or MS-compatible name lister (nm)
configure:5972: result: /usr/bin/nm -B
configure:6090: checking the name lister (/usr/bin/nm -B) interface
configure:6097: gcc -c -g -O2  conftest.c >&5
configure:6100: /usr/bin/nm -B "conftest.o"
configure:6103: output
0000000000000000 B some_variable
configure:6110: result: BSD nm
configure:6113: checking whether ln -s works
configure:6117: result: yes
configure:6125: checking the maximum length of command line arguments
configure:6245: result: 1572864
configure:6262: checking whether the shell understands some XSI constructs
configure:6272: result: yes
configure:6276: checking whether the shell understands "+="
configure:6282: result: yes
configure:6317: checking for /usr/bin/ld option to reload object files
configure:6324: result: -r
configure:6393: checking for objdump
configure:6409: found /usr/bin/objdump
configure:6420: result: objdump
configure:6452: checking how to recognize dependent libraries
configure:6648: result: pass_all
configure:6708: checking for ar
configure:6724: found /usr/bin/ar
configure:6735: result: ar
configure:6813: checking for strip
configure:6829: found /usr/bin/strip
configure:6840: result: strip
configure:6912: checking for ranlib
configure:6928: found /usr/bin/ranlib
configure:6939: result: ranlib
configure:7029: checking command to parse /usr/bin/nm -B output from gcc object
configure:7147: gcc -c -g -O2  conftest.c >&5
configure:7150: $? = 0
configure:7154: /usr/bin/nm -B conftest.o \| sed -n -e 's/^.*[	 ]\([ABCDGIRSTW][ABCDGIRSTW]*\)[	 ][	 ]*\([_A-Za-z][_A-Za-z0-9]*\)$/\1 \2 \2/p' \> conftest.nm
configure:7157: $? = 0
configure:7211: gcc -o conftest -g -O2   conftest.c conftstm.o >&5
configure:7214: $? = 0
configure:7252: result: ok
configure:7347: gcc -c -g -O2  conftest.c >&5
configure:7350: $? = 0
configure:8060: checking for sys/types.h
configure:8060: gcc -c -g -O2  conftest.c >&5
configure:8060: $? = 0
configure:8060: result: yes
configure:8060: checking for sys/stat.h
configure:8060: gcc -c -g -O2  conftest.c >&5
configure:8060: $? = 0
configure:8060: result: yes
configure:8060: checking for stdlib.h
configure:8060: gcc -c -g -O2  conftest.c >&5
configure:8060: $? = 0
configure:8060: result: yes
configure:8060: checking for string.h
configure:8060: gcc -c -g -O2  conftest.c >&5
configure:8060: $? = 0
configure:8060: result: yes
configure:8060: checking for memory.h
configure:8060: gcc -c -g -O2  conftest.c >&5
configure:8060: $? = 0
configure:8060: result: yes
configure:8060: checking for strings.h
configure:8060: gcc -c -g -O2  conftest.c >&5
configure:8060: $? = 0
configure:8060: result: yes
configure:8060: checking for inttypes.h
configure:8060: gcc -c -g -O2  conftest.c >&5
configure:8060: $? = 0
configure:8060: result: yes
configure:8060: checking for stdint.h
configure:8060: gcc -c -g -O2  conftest.c >&5
configure:8060: $? = 0
configure:8060: result: yes
configure:8060: checking for unistd.h
configure:8060: gcc -c -g -O2  conftest.c >&5
configure:8060: $? = 0
configure:8060: result: yes
configure:8074: checking for dlfcn.h
configure:8074: gcc -c -g -O2  conftest.c >&5
configure:8074: $? = 0
configure:8074: result: yes
configure:8258: checking for objdir
configure:8273: result: .libs
configure:8565: checking if gcc supports -fno-rtti -fno-exceptions
configure:8583: gcc -c -g -O2  -fno-rtti -fno-exceptions conftest.c >&5
cc1: warning: command line option '-fno-rtti' is valid for C++/ObjC++ but not for C [enabled by default]
configure:8587: $? = 0
configure:8600: result: no
configure:8620: checking for gcc option to produce PIC
configure:8892: result: -fPIC -DPIC
configure:8904: checking if gcc PIC flag -fPIC -DPIC works
configure:8922: gcc -c -g -O2  -fPIC -DPIC -DPIC conftest.c >&5
configure:8926: $? = 0
configure:8939: result: yes
configure:8963: checking if gcc static flag -static works
configure:8991: result: yes
configure:9006: checking if gcc supports -c -o file.o
configure:9027: gcc -c -g -O2  -o out/conftest2.o conftest.c >&5
configure:9031: $? = 0
configure:9053: result: yes
configure:9061: checking if gcc supports -c -o file.o
configure:9108: result: yes
configure:9141: checking whether the gcc linker (/usr/bin/ld -m elf_x86_64) supports shared libraries
configure:10132: result: yes
configure:10169: checking whether -lc should be explicitly linked in
configure:10174: gcc -c -g -O2  conftest.c >&5
configure:10177: $? = 0
configure:10192: gcc -shared conftest.o  -v -Wl,-soname -Wl,conftest -o conftest 2\>\&1 \| /bin/grep  -lc  \>/dev/null 2\>\&1
configure:10195: $? = 0
configure:10207: result: no
configure:10371: checking dynamic linker characteristics
configure:10804: gcc -o conftest -g -O2   -Wl,-rpath -Wl,/foo conftest.c  >&5
configure:10804: $? = 0
configure:11034: result: GNU/Linux ld.so
configure:11136: checking how to hardcode library paths into programs
configure:11161: result: immediate
configure:11681: checking whether stripping libraries is possible
configure:11686: result: yes
configure:11721: checking if libtool supports shared libraries
configure:11723: result: yes
configure:11726: checking whether to build shared libraries
configure:11747: result: yes
configure:11750: checking whether to build static libraries
configure:11754: result: yes
configure:11793: checking sys/time.h usability
configure:11793: gcc -c -g -O2  conftest.c >&5
configure:11793: $? = 0
configure:11793: result: yes
configure:11793: checking sys/time.h presence
configure:11793: gcc -E  conftest.c
configure:11793: $? = 0
configure:11793: result: yes
configure:11793: checking for sys/time.h
configure:11793: result: yes
configure:11793: checking for unistd.h
configure:11793: result: yes
configure:11793: checking getopt.h usability
configure:11793: gcc -c -g -O2  conftest.c >&5
configure:11793: $? = 0
configure:11793: result: yes
configure:11793: checking getopt.h presence
configure:11793: gcc -E  conftest.c
configure:11793: $? = 0
configure:11793: result: yes
configure:11793: checking for getopt.h
configure:11793: result: yes
configure:11808: checking for sin in -lm
configure:11833: gcc -o conftest -g -O2 -Wall   conftest.c -lm   >&5
conftest.c:33:6: warning: conflicting types for built-in function 'sin' [enabled by default]
configure:11833: $? = 0
configure:11842: result: yes
configure:11910: checking for pkg-config
configure:11928: found /usr/bin/pkg-config
configure:11940: result: /usr/bin/pkg-config
configure:11965: checking pkg-config is at least version 0.9.0
configure:11968: result: yes
configure:11978: checking for PACKAGE
configure:11985: $PKG_CONFIG --exists --print-errors "$pkg_modules"
configure:11988: $? = 0
configure:12001: $PKG_CONFIG --exists --print-errors "$pkg_modules"
configure:12004: $? = 0
configure:12061: result: yes
configure:12077: checking locale.h usability
configure:12077: gcc -c -g -O2 -Wall  conftest.c >&5
configure:12077: $? = 0
configure:12077: result: yes
configure:12077: checking locale.h presence
configure:12077: gcc -E  conftest.c
configure:12077: $? = 0
configure:12077: result: yes
configure:12077: checking for locale.h
configure:12077: result: yes
configure:12088: checking for LC_MESSAGES
configure:12104: gcc -o conftest -g -O2 -Wall   conftest.c -lm  >&5
configure:12104: $? = 0
configure:12112: result: yes
configure:12129: checking libintl.h usability
configure:12129: gcc -c -g -O2 -Wall  conftest.c >&5
configure:12129: $? = 0
configure:12129: result: yes
configure:12129: checking libintl.h presence
configure:12129: gcc -E  conftest.c
configure:12129: $? = 0
configure:12129: result: yes
configure:12129: checking for libintl.h
configure:12129: result: yes
configure:12137: checking for ngettext in libc
configure:12155: gcc -o conftest -g -O2 -Wall   conftest.c -lm  >&5
configure:12155: $? = 0
configure:12164: result: yes
configure:12168: checking for dgettext in libc
configure:12186: gcc -o conftest -g -O2 -Wall   conftest.c -lm  >&5
configure:12186: $? = 0
configure:12195: result: yes
configure:12202: checking for bind_textdomain_codeset
configure:12202: gcc -o conftest -g -O2 -Wall   conftest.c -lm  >&5
configure:12202: $? = 0
configure:12202: result: yes
configure:12478: checking for msgfmt
configure:12505: result: /usr/bin/msgfmt
configure:12516: checking for dcgettext
configure:12516: gcc -o conftest -g -O2 -Wall   conftest.c -lm   >&5
conftest.c:54:6: warning: conflicting types for built-in function 'dcgettext' [enabled by default]
configure:12516: $? = 0
configure:12516: result: yes
configure:12526: checking if msgfmt accepts -c
configure:12541: $MSGFMT -c -o /dev/null conftest.foo
configure:12544: $? = 0
configure:12546: result: yes
configure:12556: checking for gmsgfmt
configure:12587: result: /usr/bin/msgfmt
configure:12597: checking for xgettext
configure:12624: result: /usr/bin/xgettext
configure:12643: gcc -o conftest -g -O2 -Wall   conftest.c -lm   >&5
configure:12643: $? = 0
configure:12721: checking for catalogs to be installed
configure:12746: result:  cs da de en_GB en_US es fi fr it lt ru th
configure:12968: creating ./config.status

## ---------------------- ##
## Running config.status. ##
## ---------------------- ##

This file was extended by config.status, which was
generated by GNU Autoconf 2.67.  Invocation command line was

  CONFIG_FILES    = 
  CONFIG_HEADERS  = 
  CONFIG_LINKS    = 
  CONFIG_COMMANDS = 
  $ ./config.status 

on MXL-ALPHA-1

config.status:1168: creating Makefile
config.status:1168: creating doc/Makefile
config.status:1168: creating doc/man/gpredict.1
config.status:1168: creating doc/man/Makefile
config.status:1168: creating src/Makefile
config.status:1168: creating src/sgpsdp/Makefile
config.status:1168: creating src/sgpsdp/TR/Makefile
config.status:1168: creating pixmaps/Makefile
config.status:1168: creating pixmaps/maps/Makefile
config.status:1168: creating pixmaps/icons/Makefile
config.status:1168: creating data/Makefile
config.status:1168: creating data/desktop/Makefile
config.status:1168: creating data/satdata/Makefile
config.status:1168: creating data/trsp/Makefile
config.status:1168: creating po/Makefile.in
config.status:1168: creating build-config.h
config.status:1348: build-config.h is unchanged
config.status:1396: executing depfiles commands
config.status:1396: executing libtool commands
config.status:1396: executing default-1 commands
config.status:1396: executing po/stamp-it commands

## ---------------- ##
## Cache variables. ##
## ---------------- ##

ac_cv_build=x86_64-unknown-linux-gnu
ac_cv_c_compiler_gnu=yes
ac_cv_env_CC_set=
ac_cv_env_CC_value=
ac_cv_env_CFLAGS_set=
ac_cv_env_CFLAGS_value=
ac_cv_env_CPPFLAGS_set=
ac_cv_env_CPPFLAGS_value=
ac_cv_env_CPP_set=
ac_cv_env_CPP_value=
ac_cv_env_LDFLAGS_set=
ac_cv_env_LDFLAGS_value=
ac_cv_env_LIBS_set=
ac_cv_env_LIBS_value=
ac_cv_env_PACKAGE_CFLAGS_set=
ac_cv_env_PACKAGE_CFLAGS_value=
ac_cv_env_PACKAGE_LIBS_set=
ac_cv_env_PACKAGE_LIBS_value=
ac_cv_env_PKG_CONFIG_LIBDIR_set=
ac_cv_env_PKG_CONFIG_LIBDIR_value=
ac_cv_env_PKG_CONFIG_PATH_set=
ac_cv_env_PKG_CONFIG_PATH_value=
ac_cv_env_PKG_CONFIG_set=
ac_cv_env_PKG_CONFIG_value=
ac_cv_env_build_alias_set=
ac_cv_env_build_alias_value=
ac_cv_env_host_alias_set=
ac_cv_env_host_alias_value=
ac_cv_env_target_alias_set=
ac_cv_env_target_alias_value=
ac_cv_func_bind_textdomain_codeset=yes
ac_cv_func_dcgettext=yes
ac_cv_header_dlfcn_h=yes
ac_cv_header_getopt_h=yes
ac_cv_header_inttypes_h=yes
ac_cv_header_libintl_h=yes
ac_cv_header_locale_h=yes
ac_cv_header_memory_h=yes
ac_cv_header_stdc=yes
ac_cv_header_stdint_h=yes
ac_cv_header_stdlib_h=yes
ac_cv_header_string_h=yes
ac_cv_header_strings_h=yes
ac_cv_header_sys_stat_h=yes
ac_cv_header_sys_time_h=yes
ac_cv_header_sys_types_h=yes
ac_cv_header_unistd_h=yes
ac_cv_host=x86_64-unknown-linux-gnu
ac_cv_lib_m_sin=yes
ac_cv_objext=o
ac_cv_path_EGREP='/bin/grep -E'
ac_cv_path_FGREP='/bin/grep -F'
ac_cv_path_GMSGFMT=/usr/bin/msgfmt
ac_cv_path_GREP=/bin/grep
ac_cv_path_INTLTOOL_EXTRACT=/usr/bin/intltool-extract
ac_cv_path_INTLTOOL_MERGE=/usr/bin/intltool-merge
ac_cv_path_INTLTOOL_PERL=/usr/bin/perl
ac_cv_path_INTLTOOL_UPDATE=/usr/bin/intltool-update
ac_cv_path_MSGFMT=/usr/bin/msgfmt
ac_cv_path_MSGMERGE=/usr/bin/msgmerge
ac_cv_path_SED=/bin/sed
ac_cv_path_XGETTEXT=/usr/bin/xgettext
ac_cv_path_ac_pt_PKG_CONFIG=/usr/bin/pkg-config
ac_cv_path_install='/usr/bin/install -c'
ac_cv_path_mkdir=/bin/mkdir
ac_cv_prog_AWK=mawk
ac_cv_prog_CPP='gcc -E'
ac_cv_prog_ac_ct_AR=ar
ac_cv_prog_ac_ct_CC=gcc
ac_cv_prog_ac_ct_OBJDUMP=objdump
ac_cv_prog_ac_ct_RANLIB=ranlib
ac_cv_prog_ac_ct_STRIP=strip
ac_cv_prog_cc_c89=
ac_cv_prog_cc_g=yes
ac_cv_prog_make_make_set=yes
ac_cv_search_strerror='none required'
am_cv_CC_dependencies_compiler_type=gcc3
am_cv_val_LC_MESSAGES=yes
gt_cv_func_dgettext_libc=yes
gt_cv_func_dgettext_libintl=no
gt_cv_func_ngettext_libc=yes
gt_cv_have_gettext=yes
lt_cv_deplibs_check_method=pass_all
lt_cv_file_magic_cmd='$MAGIC_CMD'
lt_cv_file_magic_test_file=
lt_cv_ld_reload_flag=-r
lt_cv_nm_interface='BSD nm'
lt_cv_objdir=.libs
lt_cv_path_LD=/usr/bin/ld
lt_cv_path_NM='/usr/bin/nm -B'
lt_cv_prog_compiler_c_o=yes
lt_cv_prog_compiler_pic_works=yes
lt_cv_prog_compiler_rtti_exceptions=no
lt_cv_prog_compiler_static_works=yes
lt_cv_prog_gnu_ld=yes
lt_cv_sys_global_symbol_pipe='sed -n -e '\''s/^.*[	 ]\([ABCDGIRSTW][ABCDGIRSTW]*\)[	 ][	 ]*\([_A-Za-z][_A-Za-z0-9]*\)$/\1 \2 \2/p'\'''
lt_cv_sys_global_symbol_to_c_name_address='sed -n -e '\''s/^: \([^ ]*\) $/  {\"\1\", (void *) 0},/p'\'' -e '\''s/^[ABCDGIRSTW]* \([^ ]*\) \([^ ]*\)$/  {"\2", (void *) \&\2},/p'\'''
lt_cv_sys_global_symbol_to_c_name_address_lib_prefix='sed -n -e '\''s/^: \([^ ]*\) $/  {\"\1\", (void *) 0},/p'\'' -e '\''s/^[ABCDGIRSTW]* \([^ ]*\) \(lib[^ ]*\)$/  {"\2", (void *) \&\2},/p'\'' -e '\''s/^[ABCDGIRSTW]* \([^ ]*\) \([^ ]*\)$/  {"lib\2", (void *) \&\2},/p'\'''
lt_cv_sys_global_symbol_to_cdecl='sed -n -e '\''s/^T .* \(.*\)$/extern int \1();/p'\'' -e '\''s/^[ABCDGIRSTW]* .* \(.*\)$/extern char \1;/p'\'''
lt_cv_sys_max_cmd_len=1572864
pkg_cv_PACKAGE_CFLAGS='-pthread -I/usr/local/include -I/usr/include/gtk-2.0 -I/usr/lib/x86_64-linux-gnu/gtk-2.0/include -I/usr/include/atk-1.0 -I/usr/include/cairo -I/usr/include/gdk-pixbuf-2.0 -I/usr/include/pango-1.0 -I/usr/include/gio-unix-2.0/ -I/usr/include/glib-2.0 -I/usr/lib/x86_64-linux-gnu/glib-2.0/include -I/usr/include/pixman-1 -I/usr/include/freetype2 -I/usr/include/libpng12 -I/usr/include/goocanvas-1.0  '
pkg_cv_PACKAGE_LIBS='-pthread -L/usr/local/lib -lgthread-2.0 -lrt -lgoocanvas -lgtk-x11-2.0 -lgdk-x11-2.0 -latk-1.0 -lgio-2.0 -lpangoft2-1.0 -lpangocairo-1.0 -lgdk_pixbuf-2.0 -lcairo -lpango-1.0 -lfreetype -lfontconfig -lgobject-2.0 -lglib-2.0 -lcurl  '

## ----------------- ##
## Output variables. ##
## ----------------- ##

ACLOCAL='${SHELL} /home/mxl/Desktop/mxl-gpredict/missing --run aclocal-1.11'
ALL_LINGUAS='cs da de en_GB en_US es fi fr it lt ru th'
AMDEPBACKSLASH='\'
AMDEP_FALSE='#'
AMDEP_TRUE=''
AMTAR='${SHELL} /home/mxl/Desktop/mxl-gpredict/missing --run tar'
AR='ar'
AUTOCONF='${SHELL} /home/mxl/Desktop/mxl-gpredict/missing --run autoconf'
AUTOHEADER='${SHELL} /home/mxl/Desktop/mxl-gpredict/missing --run autoheader'
AUTOMAKE='${SHELL} /home/mxl/Desktop/mxl-gpredict/missing --run automake-1.11'
AWK='mawk'
CATALOGS=' cs.gmo da.gmo de.gmo en_GB.gmo en_US.gmo es.gmo fi.gmo fr.gmo it.gmo lt.gmo ru.gmo th.gmo'
CATOBJEXT='.gmo'
CC='gcc'
CCDEPMODE='depmode=gcc3'
CFLAGS='-g -O2 -Wall'
CPP='gcc -E'
CPPFLAGS=''
CYGPATH_W='echo'
DATADIRNAME='share'
DEFS='-DHAVE_CONFIG_H'
DEPDIR='.deps'
DSYMUTIL=''
DUMPBIN=''
ECHO_C=''
ECHO_N='-n'
ECHO_T=''
EGREP='/bin/grep -E'
EXEEXT=''
FGREP='/bin/grep -F'
GETTEXT_PACKAGE='gpredict'
GMOFILES=' cs.gmo da.gmo de.gmo en_GB.gmo en_US.gmo es.gmo fi.gmo fr.gmo it.gmo lt.gmo ru.gmo th.gmo'
GMSGFMT='/usr/bin/msgfmt'
GREP='/bin/grep'
INSTALL_DATA='${INSTALL} -m 644'
INSTALL_PROGRAM='${INSTALL}'
INSTALL_SCRIPT='${INSTALL}'
INSTALL_STRIP_PROGRAM='$(install_sh) -c -s'
INSTOBJEXT='.mo'
INTLLIBS=''
INTLTOOL_CAVES_RULE='%.caves:     %.caves.in     $(INTLTOOL_MERGE) $(wildcard $(top_srcdir)/po/*.po) ; LC_ALL=C $(INTLTOOL_MERGE) -d -u -c $(top_builddir)/po/.intltool-merge-cache $(top_srcdir)/po $< $@'
INTLTOOL_DESKTOP_RULE='%.desktop:   %.desktop.in   $(INTLTOOL_MERGE) $(wildcard $(top_srcdir)/po/*.po) ; LC_ALL=C $(INTLTOOL_MERGE) -d -u -c $(top_builddir)/po/.intltool-merge-cache $(top_srcdir)/po $< $@'
INTLTOOL_DIRECTORY_RULE='%.directory: %.directory.in $(INTLTOOL_MERGE) $(wildcard $(top_srcdir)/po/*.po) ; LC_ALL=C $(INTLTOOL_MERGE) -d -u -c $(top_builddir)/po/.intltool-merge-cache $(top_srcdir)/po $< $@'
INTLTOOL_EXTRACT='/usr/bin/intltool-extract'
INTLTOOL_KBD_RULE='%.kbd:       %.kbd.in       $(INTLTOOL_MERGE) $(wildcard $(top_srcdir)/po/*.po) ; LC_ALL=C $(INTLTOOL_MERGE) -x -u -m -c $(top_builddir)/po/.intltool-merge-cache $(top_srcdir)/po $< $@'
INTLTOOL_KEYS_RULE='%.keys:      %.keys.in      $(INTLTOOL_MERGE) $(wildcard $(top_srcdir)/po/*.po) ; LC_ALL=C $(INTLTOOL_MERGE) -k -u -c $(top_builddir)/po/.intltool-merge-cache $(top_srcdir)/po $< $@'
INTLTOOL_MERGE='/usr/bin/intltool-merge'
INTLTOOL_OAF_RULE='%.oaf:       %.oaf.in       $(INTLTOOL_MERGE) $(wildcard $(top_srcdir)/po/*.po) ; LC_ALL=C $(INTLTOOL_MERGE) -o -p $(top_srcdir)/po $< $@'
INTLTOOL_PERL='/usr/bin/perl'
INTLTOOL_POLICY_RULE='%.policy:    %.policy.in    $(INTLTOOL_MERGE) $(wildcard $(top_srcdir)/po/*.po) ; LC_ALL=C $(INTLTOOL_MERGE) -x -u -c $(top_builddir)/po/.intltool-merge-cache $(top_srcdir)/po $< $@'
INTLTOOL_PONG_RULE='%.pong:      %.pong.in      $(INTLTOOL_MERGE) $(wildcard $(top_srcdir)/po/*.po) ; LC_ALL=C $(INTLTOOL_MERGE) -x -u -c $(top_builddir)/po/.intltool-merge-cache $(top_srcdir)/po $< $@'
INTLTOOL_PROP_RULE='%.prop:      %.prop.in      $(INTLTOOL_MERGE) $(wildcard $(top_srcdir)/po/*.po) ; LC_ALL=C $(INTLTOOL_MERGE) -d -u -c $(top_builddir)/po/.intltool-merge-cache $(top_srcdir)/po $< $@'
INTLTOOL_SCHEMAS_RULE='%.schemas:   %.schemas.in   $(INTLTOOL_MERGE) $(wildcard $(top_srcdir)/po/*.po) ; LC_ALL=C $(INTLTOOL_MERGE) -s -u -c $(top_builddir)/po/.intltool-merge-cache $(top_srcdir)/po $< $@'
INTLTOOL_SERVER_RULE='%.server:    %.server.in    $(INTLTOOL_MERGE) $(wildcard $(top_srcdir)/po/*.po) ; LC_ALL=C $(INTLTOOL_MERGE) -o -u -c $(top_builddir)/po/.intltool-merge-cache $(top_srcdir)/po $< $@'
INTLTOOL_SERVICE_RULE='%.service: %.service.in   $(INTLTOOL_MERGE) $(wildcard $(top_srcdir)/po/*.po) ; LC_ALL=C $(INTLTOOL_MERGE) -d -u -c $(top_builddir)/po/.intltool-merge-cache $(top_srcdir)/po $< $@'
INTLTOOL_SHEET_RULE='%.sheet:     %.sheet.in     $(INTLTOOL_MERGE) $(wildcard $(top_srcdir)/po/*.po) ; LC_ALL=C $(INTLTOOL_MERGE) -x -u -c $(top_builddir)/po/.intltool-merge-cache $(top_srcdir)/po $< $@'
INTLTOOL_SOUNDLIST_RULE='%.soundlist: %.soundlist.in $(INTLTOOL_MERGE) $(wildcard $(top_srcdir)/po/*.po) ; LC_ALL=C $(INTLTOOL_MERGE) -d -u -c $(top_builddir)/po/.intltool-merge-cache $(top_srcdir)/po $< $@'
INTLTOOL_THEME_RULE='%.theme:     %.theme.in     $(INTLTOOL_MERGE) $(wildcard $(top_srcdir)/po/*.po) ; LC_ALL=C $(INTLTOOL_MERGE) -d -u -c $(top_builddir)/po/.intltool-merge-cache $(top_srcdir)/po $< $@'
INTLTOOL_UI_RULE='%.ui:        %.ui.in        $(INTLTOOL_MERGE) $(wildcard $(top_srcdir)/po/*.po) ; LC_ALL=C $(INTLTOOL_MERGE) -x -u -c $(top_builddir)/po/.intltool-merge-cache $(top_srcdir)/po $< $@'
INTLTOOL_UPDATE='/usr/bin/intltool-update'
INTLTOOL_XAM_RULE='%.xam:       %.xml.in       $(INTLTOOL_MERGE) $(wildcard $(top_srcdir)/po/*.po) ; LC_ALL=C $(INTLTOOL_MERGE) -x -u -c $(top_builddir)/po/.intltool-merge-cache $(top_srcdir)/po $< $@'
INTLTOOL_XML_NOMERGE_RULE='%.xml:       %.xml.in       $(INTLTOOL_MERGE) ; LC_ALL=C $(INTLTOOL_MERGE) -x -u /tmp $< $@'
INTLTOOL_XML_RULE='%.xml:       %.xml.in       $(INTLTOOL_MERGE) $(wildcard $(top_srcdir)/po/*.po) ; LC_ALL=C $(INTLTOOL_MERGE) -x -u -c $(top_builddir)/po/.intltool-merge-cache $(top_srcdir)/po $< $@'
LD='/usr/bin/ld -m elf_x86_64'
LDFLAGS=''
LIBOBJS=''
LIBS='-lm '
LIBTOOL='$(SHELL) $(top_builddir)/libtool'
LIPO=''
LN_S='ln -s'
LTLIBOBJS=''
MAINT='#'
MAINTAINER_MODE_FALSE=''
MAINTAINER_MODE_TRUE='#'
MAKEINFO='${SHELL} /home/mxl/Desktop/mxl-gpredict/missing --run makeinfo'
MKDIR_P='/bin/mkdir -p'
MKINSTALLDIRS='./mkinstalldirs'
MSGFMT='/usr/bin/msgfmt'
MSGFMT_OPTS='-c'
MSGMERGE='/usr/bin/msgmerge'
NM='/usr/bin/nm -B'
NMEDIT=''
OBJDUMP='objdump'
OBJEXT='o'
OTOOL64=''
OTOOL=''
PACKAGE='gpredict'
PACKAGE_BUGREPORT=''
PACKAGE_CFLAGS='-pthread -I/usr/local/include -I/usr/include/gtk-2.0 -I/usr/lib/x86_64-linux-gnu/gtk-2.0/include -I/usr/include/atk-1.0 -I/usr/include/cairo -I/usr/include/gdk-pixbuf-2.0 -I/usr/include/pango-1.0 -I/usr/include/gio-unix-2.0/ -I/usr/include/glib-2.0 -I/usr/lib/x86_64-linux-gnu/glib-2.0/include -I/usr/include/pixman-1 -I/usr/include/freetype2 -I/usr/include/libpng12 -I/usr/include/goocanvas-1.0  '
PACKAGE_LIBS='-pthread -L/usr/local/lib -lgthread-2.0 -lrt -lgoocanvas -lgtk-x11-2.0 -lgdk-x11-2.0 -latk-1.0 -lgio-2.0 -lpangoft2-1.0 -lpangocairo-1.0 -lgdk_pixbuf-2.0 -lcairo -lpango-1.0 -lfreetype -lfontconfig -lgobject-2.0 -lglib-2.0 -lcurl  '
PACKAGE_NAME=''
PACKAGE_STRING=''
PACKAGE_TARNAME=''
PACKAGE_URL=''
PACKAGE_VERSION=''
PATH_SEPARATOR=':'
PKG_CONFIG='/usr/bin/pkg-config'
PKG_CONFIG_LIBDIR=''
PKG_CONFIG_PATH=''
POFILES=' cs.po da.po de.po en_GB.po en_US.po es.po fi.po fr.po it.po lt.po ru.po th.po'
POSUB='po'
PO_IN_DATADIR_FALSE=''
PO_IN_DATADIR_TRUE=''
RANLIB='ranlib'
SED='/bin/sed'
SET_MAKE=''
SHELL='/bin/bash'
STRIP='strip'
UPDATE_CACHES_FALSE=''
UPDATE_CACHES_TRUE='#'
USE_NLS='yes'
VERSION='1.3'
XGETTEXT='/usr/bin/xgettext'
ac_ct_CC='gcc'
ac_ct_DUMPBIN=''
am__EXEEXT_FALSE=''
am__EXEEXT_TRUE='#'
am__fastdepCC_FALSE='#'
am__fastdepCC_TRUE=''
am__include='include'
am__isrc=''
am__leading_dot='.'
am__quote=''
am__tar='${AMTAR} chof - "$$tardir"'
am__untar='${AMTAR} xf -'
bindir='${exec_prefix}/bin'
build='x86_64-unknown-linux-gnu'
build_alias=''
build_cpu='x86_64'
build_os='linux-gnu'
build_vendor='unknown'
datadir='${datarootdir}'
datarootdir='${prefix}/share'
docdir='${datarootdir}/doc/${PACKAGE}'
dvidir='${docdir}'
exec_prefix='${prefix}'
host='x86_64-unknown-linux-gnu'
host_alias=''
host_cpu='x86_64'
host_os='linux-gnu'
host_vendor='unknown'
htmldir='${docdir}'
includedir='${prefix}/include'
infodir='${datarootdir}/info'
install_sh='${SHELL} /home/mxl/Desktop/mxl-gpredict/install-sh'
libdir='${exec_prefix}/lib'
libexecdir='${exec_prefix}/libexec'
localedir='${datarootdir}/locale'
localstatedir='${prefix}/var'
lt_ECHO='echo'
mandir='${datarootdir}/man'
mkdir_p='/bin/mkdir -p'
oldincludedir='/usr/include'
pdfdir='${docdir}'
prefix='/home/mxl/Desktop/mxl-gpredict/build_gpredict'
program_transform_name='s,x,x,'
psdir='${docdir}'
sbindir='${exec_prefix}/sbin'
sharedstatedir='${prefix}/com'
sysconfdir='${prefix}/etc'
target_alias=''

## ----------- ##
## confdefs.h. ##
## ----------- ##

/* confdefs.h */
#define PACKAGE_NAME ""
#define PACKAGE_TARNAME ""
#define PACKAGE_VERSION ""
#define PACKAGE_STRING ""
#define PACKAGE_BUGREPORT ""
#define PACKAGE_URL ""
#define PACKAGE "gpredict"
#define VERSION "1.3"
#define STDC_HEADERS 1
#define HAVE_SYS_TYPES_H 1
#define HAVE_SYS_STAT_H 1
#define HAVE_STDLIB_H 1
#define HAVE_STRING_H 1
#define HAVE_MEMORY_H 1
#define HAVE_STRINGS_H 1
#define HAVE_INTTYPES_H 1
#define HAVE_STDINT_H 1
#define HAVE_UNISTD_H 1
#define HAVE_DLFCN_H 1
#define LT_OBJDIR ".libs/"
#define HAVE_SYS_TIME_H 1
#define HAVE_UNISTD_H 1
#define HAVE_GETOPT_H 1
#define HAVE_LIBM 1
#define HAVE_LOCALE_H 1
#define HAVE_LC_MESSAGES 1
#define HAVE_BIND_TEXTDOMAIN_CODESET 1
#define HAVE_GETTEXT 1
#define HAVE_DCGETTEXT 1
#define ENABLE_NLS 1
#define GETTEXT_PACKAGE "gpredict"

configure: exit 0

## ---------------------- ##
## Running config.status. ##
## ---------------------- ##

This file was extended by config.status, which was
generated by GNU Autoconf 2.67.  Invocation command line was

  CONFIG_FILES    = 
  CONFIG_HEADERS  = 
  CONFIG_LINKS    = 
  CONFIG_COMMANDS = 
  $ ./config.status doc/man/gpredict.1

on MXL-ALPHA-1

config.status:1168: creating doc/man/gpredict.1
